c:\users\sbauser\desktop\projects\survivalwizard\portfolio_dx11_survivalwizard\dx2d_2204\x64\debug\dx2d_2204.pch
c:\users\sbauser\desktop\projects\survivalwizard\portfolio_dx11_survivalwizard\dx2d_2204\x64\debug\vc143.pdb
c:\users\sbauser\desktop\projects\survivalwizard\portfolio_dx11_survivalwizard\dx2d_2204\x64\debug\vc143.idb
c:\users\sbauser\desktop\projects\survivalwizard\portfolio_dx11_survivalwizard\dx2d_2204\x64\debug\framework.obj
c:\users\sbauser\desktop\projects\survivalwizard\portfolio_dx11_survivalwizard\dx2d_2204\x64\debug\pixelshader.obj
c:\users\sbauser\desktop\projects\survivalwizard\portfolio_dx11_survivalwizard\dx2d_2204\x64\debug\texture.obj
c:\users\sbauser\desktop\projects\survivalwizard\portfolio_dx11_survivalwizard\dx2d_2204\x64\debug\rendertarget.obj
c:\users\sbauser\desktop\projects\survivalwizard\portfolio_dx11_survivalwizard\dx2d_2204\x64\debug\frame.obj
c:\users\sbauser\desktop\projects\survivalwizard\portfolio_dx11_survivalwizard\dx2d_2204\x64\debug\clip.obj
c:\users\sbauser\desktop\projects\survivalwizard\portfolio_dx11_survivalwizard\dx2d_2204\x64\debug\transform.obj
c:\users\sbauser\desktop\projects\survivalwizard\portfolio_dx11_survivalwizard\dx2d_2204\x64\debug\math.obj
c:\users\sbauser\desktop\projects\survivalwizard\portfolio_dx11_survivalwizard\dx2d_2204\x64\debug\environment.obj
c:\users\sbauser\desktop\projects\survivalwizard\portfolio_dx11_survivalwizard\dx2d_2204\x64\debug\camera.obj
c:\users\sbauser\desktop\projects\survivalwizard\portfolio_dx11_survivalwizard\dx2d_2204\x64\debug\rectcollider.obj
c:\users\sbauser\desktop\projects\survivalwizard\portfolio_dx11_survivalwizard\dx2d_2204\x64\debug\linecollider.obj
c:\users\sbauser\desktop\projects\survivalwizard\portfolio_dx11_survivalwizard\dx2d_2204\x64\debug\isometriccollider.obj
c:\users\sbauser\desktop\projects\survivalwizard\portfolio_dx11_survivalwizard\dx2d_2204\x64\debug\collider.obj
c:\users\sbauser\desktop\projects\survivalwizard\portfolio_dx11_survivalwizard\dx2d_2204\x64\debug\circlecollider.obj
c:\users\sbauser\desktop\projects\survivalwizard\portfolio_dx11_survivalwizard\dx2d_2204\x64\debug\vertexbuffer.obj
c:\users\sbauser\desktop\projects\survivalwizard\portfolio_dx11_survivalwizard\dx2d_2204\x64\debug\indexbuffer.obj
c:\users\sbauser\desktop\projects\survivalwizard\portfolio_dx11_survivalwizard\dx2d_2204\x64\debug\constbuffer.obj
c:\users\sbauser\desktop\projects\survivalwizard\portfolio_dx11_survivalwizard\dx2d_2204\x64\debug\dx2d_2204.obj
c:\users\sbauser\desktop\projects\survivalwizard\portfolio_dx11_survivalwizard\dx2d_2204\x64\debug\node.obj
c:\users\sbauser\desktop\projects\survivalwizard\portfolio_dx11_survivalwizard\dx2d_2204\x64\debug\heap.obj
c:\users\sbauser\desktop\projects\survivalwizard\portfolio_dx11_survivalwizard\dx2d_2204\x64\debug\effectmanager.obj
c:\users\sbauser\desktop\projects\survivalwizard\portfolio_dx11_survivalwizard\dx2d_2204\x64\debug\effect.obj
c:\users\sbauser\desktop\projects\survivalwizard\portfolio_dx11_survivalwizard\dx2d_2204\x64\debug\button.obj
c:\users\sbauser\desktop\projects\survivalwizard\portfolio_dx11_survivalwizard\dx2d_2204\x64\debug\animobject.obj
c:\users\sbauser\desktop\projects\survivalwizard\portfolio_dx11_survivalwizard\dx2d_2204\x64\debug\player.obj
c:\users\sbauser\desktop\projects\survivalwizard\portfolio_dx11_survivalwizard\dx2d_2204\x64\debug\actor.obj
c:\users\sbauser\desktop\projects\survivalwizard\portfolio_dx11_survivalwizard\dx2d_2204\x64\debug\gamemanager.obj
c:\users\sbauser\desktop\projects\survivalwizard\portfolio_dx11_survivalwizard\dx2d_2204\x64\debug\zoder.obj
c:\users\sbauser\desktop\projects\survivalwizard\portfolio_dx11_survivalwizard\dx2d_2204\x64\debug\xml.obj
c:\users\sbauser\desktop\projects\survivalwizard\portfolio_dx11_survivalwizard\dx2d_2204\x64\debug\utility.obj
c:\users\sbauser\desktop\projects\survivalwizard\portfolio_dx11_survivalwizard\dx2d_2204\x64\debug\timer.obj
c:\users\sbauser\desktop\projects\survivalwizard\portfolio_dx11_survivalwizard\dx2d_2204\x64\debug\keyboard.obj
c:\users\sbauser\desktop\projects\survivalwizard\portfolio_dx11_survivalwizard\dx2d_2204\x64\debug\font.obj
c:\users\sbauser\desktop\projects\survivalwizard\portfolio_dx11_survivalwizard\dx2d_2204\x64\debug\datamanager.obj
c:\users\sbauser\desktop\projects\survivalwizard\portfolio_dx11_survivalwizard\dx2d_2204\x64\debug\binarywriter.obj
c:\users\sbauser\desktop\projects\survivalwizard\portfolio_dx11_survivalwizard\dx2d_2204\x64\debug\binaryreader.obj
c:\users\sbauser\desktop\projects\survivalwizard\portfolio_dx11_survivalwizard\dx2d_2204\x64\debug\audio.obj
c:\users\sbauser\desktop\projects\survivalwizard\portfolio_dx11_survivalwizard\dx2d_2204\x64\debug\device.obj
c:\users\sbauser\desktop\projects\survivalwizard\portfolio_dx11_survivalwizard\dx2d_2204\x64\debug\vertexshader.obj
c:\users\sbauser\desktop\projects\survivalwizard\portfolio_dx11_survivalwizard\dx2d_2204\x64\debug\shader.obj
c:\users\sbauser\desktop\projects\survivalwizard\portfolio_dx11_survivalwizard\dx2d_2204\x64\debug\titlescene.obj
c:\users\sbauser\desktop\projects\survivalwizard\portfolio_dx11_survivalwizard\dx2d_2204\x64\debug\scenemanager.obj
c:\users\sbauser\desktop\projects\survivalwizard\portfolio_dx11_survivalwizard\dx2d_2204\x64\debug\maingamescene.obj
c:\users\sbauser\desktop\projects\survivalwizard\portfolio_dx11_survivalwizard\dx2d_2204\x64\debug\titlemenu.obj
c:\users\sbauser\desktop\projects\survivalwizard\portfolio_dx11_survivalwizard\dx2d_2204\x64\debug\pressenter.obj
c:\users\sbauser\desktop\projects\survivalwizard\portfolio_dx11_survivalwizard\dx2d_2204\x64\debug\weapon.obj
c:\users\sbauser\desktop\projects\survivalwizard\portfolio_dx11_survivalwizard\dx2d_2204\x64\debug\equipment.obj
c:\users\sbauser\desktop\projects\survivalwizard\portfolio_dx11_survivalwizard\dx2d_2204\x64\debug\accessary.obj
c:\users\sbauser\desktop\projects\survivalwizard\portfolio_dx11_survivalwizard\dx2d_2204\x64\debug\updownbutton.obj
c:\users\sbauser\desktop\projects\survivalwizard\portfolio_dx11_survivalwizard\dx2d_2204\x64\debug\gameobject.obj
c:\users\sbauser\desktop\projects\survivalwizard\portfolio_dx11_survivalwizard\dx2d_2204\x64\debug\quad.obj
c:\users\sbauser\desktop\projects\survivalwizard\portfolio_dx11_survivalwizard\dx2d_2204\x64\debug\progressbar.obj
c:\users\sbauser\desktop\projects\survivalwizard\portfolio_dx11_survivalwizard\dx2d_2204\x64\debug\isometric.obj
c:\users\sbauser\desktop\projects\survivalwizard\portfolio_dx11_survivalwizard\dx2d_2204\x64\debug\imagefont.obj
c:\users\sbauser\desktop\projects\survivalwizard\portfolio_dx11_survivalwizard\dx2d_2204\x64\debug\ibutton.obj
c:\users\sbauser\desktop\projects\survivalwizard\portfolio_dx11_survivalwizard\dx2d_2204\x64\debug\imguifiledialog.obj
c:\users\sbauser\desktop\projects\survivalwizard\portfolio_dx11_survivalwizard\x64\debug\pixeleffect.cso
c:\users\sbauser\desktop\projects\survivalwizard\portfolio_dx11_survivalwizard\x64\debug\pixeleffectremovewhite.cso
c:\users\sbauser\desktop\projects\survivalwizard\portfolio_dx11_survivalwizard\x64\debug\pixelhorizentalbar.cso
c:\users\sbauser\desktop\projects\survivalwizard\portfolio_dx11_survivalwizard\x64\debug\pixelinstancing.cso
c:\users\sbauser\desktop\projects\survivalwizard\portfolio_dx11_survivalwizard\x64\debug\pixelmulti.cso
c:\users\sbauser\desktop\projects\survivalwizard\portfolio_dx11_survivalwizard\x64\debug\pixelcollider.cso
c:\users\sbauser\desktop\projects\survivalwizard\portfolio_dx11_survivalwizard\x64\debug\pixelcolor.cso
c:\users\sbauser\desktop\projects\survivalwizard\portfolio_dx11_survivalwizard\x64\debug\pixelfilter.cso
c:\users\sbauser\desktop\projects\survivalwizard\portfolio_dx11_survivalwizard\x64\debug\pixelgrayscale.cso
c:\users\sbauser\desktop\projects\survivalwizard\portfolio_dx11_survivalwizard\x64\debug\pixeloutline.cso
c:\users\sbauser\desktop\projects\survivalwizard\portfolio_dx11_survivalwizard\x64\debug\pixelprogressbar.cso
c:\users\sbauser\desktop\projects\survivalwizard\portfolio_dx11_survivalwizard\x64\debug\pixeluv.cso
c:\users\sbauser\desktop\projects\survivalwizard\portfolio_dx11_survivalwizard\x64\debug\pixelverticalbar.cso
c:\users\sbauser\desktop\projects\survivalwizard\portfolio_dx11_survivalwizard\x64\debug\tutorial.cso
c:\users\sbauser\desktop\projects\survivalwizard\portfolio_dx11_survivalwizard\x64\debug\vertexcollider.cso
c:\users\sbauser\desktop\projects\survivalwizard\portfolio_dx11_survivalwizard\x64\debug\vertexcolor.cso
c:\users\sbauser\desktop\projects\survivalwizard\portfolio_dx11_survivalwizard\x64\debug\vertexinstancing.cso
c:\users\sbauser\desktop\projects\survivalwizard\portfolio_dx11_survivalwizard\x64\debug\vertexuv.cso
c:\users\sbauser\desktop\projects\survivalwizard\portfolio_dx11_survivalwizard\dx2d_2204\x64\debug\dx2d_2204.ilk
c:\users\sbauser\desktop\projects\survivalwizard\portfolio_dx11_survivalwizard\x64\debug\dx2d_2204.exe
c:\users\sbauser\desktop\projects\survivalwizard\portfolio_dx11_survivalwizard\x64\debug\dx2d_2204.pdb
c:\users\sbauser\desktop\projects\survivalwizard\portfolio_dx11_survivalwizard\x64\debug\dx2d_2204.lib
c:\users\sbauser\desktop\projects\survivalwizard\portfolio_dx11_survivalwizard\x64\debug\dx2d_2204.exp
c:\users\sbauser\desktop\projects\survivalwizard\portfolio_dx11_survivalwizard\dx2d_2204\x64\debug\dx2d_2204.res
c:\users\sbauser\desktop\projects\survivalwizard\portfolio_dx11_survivalwizard\dx2d_2204\x64\debug\dx2d_2204.tlog\cl.command.1.tlog
c:\users\sbauser\desktop\projects\survivalwizard\portfolio_dx11_survivalwizard\dx2d_2204\x64\debug\dx2d_2204.tlog\cl.read.1.tlog
c:\users\sbauser\desktop\projects\survivalwizard\portfolio_dx11_survivalwizard\dx2d_2204\x64\debug\dx2d_2204.tlog\cl.write.1.tlog
c:\users\sbauser\desktop\projects\survivalwizard\portfolio_dx11_survivalwizard\dx2d_2204\x64\debug\dx2d_2204.tlog\fxc.command.1.tlog
c:\users\sbauser\desktop\projects\survivalwizard\portfolio_dx11_survivalwizard\dx2d_2204\x64\debug\dx2d_2204.tlog\fxc.read.1.tlog
c:\users\sbauser\desktop\projects\survivalwizard\portfolio_dx11_survivalwizard\dx2d_2204\x64\debug\dx2d_2204.tlog\fxc.write.1.tlog
c:\users\sbauser\desktop\projects\survivalwizard\portfolio_dx11_survivalwizard\dx2d_2204\x64\debug\dx2d_2204.tlog\link.command.1.tlog
c:\users\sbauser\desktop\projects\survivalwizard\portfolio_dx11_survivalwizard\dx2d_2204\x64\debug\dx2d_2204.tlog\link.read.1.tlog
c:\users\sbauser\desktop\projects\survivalwizard\portfolio_dx11_survivalwizard\dx2d_2204\x64\debug\dx2d_2204.tlog\link.write.1.tlog
c:\users\sbauser\desktop\projects\survivalwizard\portfolio_dx11_survivalwizard\dx2d_2204\x64\debug\dx2d_2204.tlog\link.write.2u.tlog
c:\users\sbauser\desktop\projects\survivalwizard\portfolio_dx11_survivalwizard\dx2d_2204\x64\debug\dx2d_2204.tlog\rc.command.1.tlog
c:\users\sbauser\desktop\projects\survivalwizard\portfolio_dx11_survivalwizard\dx2d_2204\x64\debug\dx2d_2204.tlog\rc.read.1.tlog
c:\users\sbauser\desktop\projects\survivalwizard\portfolio_dx11_survivalwizard\dx2d_2204\x64\debug\dx2d_2204.tlog\rc.write.1.tlog
