  Framework.cpp
  Heap.cpp
C:\Users\SBAuser\Desktop\Projects\SurvivalWizard\Portfolio_DX11_SurvivalWizard\DX2D_2204\Algorithm\Heap.cpp(14,32): warning C4267: '인수': 'size_t'에서 'int'(으)로 변환하면서 데이터가 손실될 수 있습니다.
C:\Users\SBAuser\Desktop\Projects\SurvivalWizard\Portfolio_DX11_SurvivalWizard\DX2D_2204\Algorithm\Heap.cpp(36,28): warning C4267: '인수': 'size_t'에서 'int'(으)로 변환하면서 데이터가 손실될 수 있습니다.
  Node.cpp
  DX2D_2204.cpp
  ConstBuffer.cpp
  IndexBuffer.cpp
  VertexBuffer.cpp
  CircleCollider.cpp
C:\Users\SBAuser\Desktop\Projects\SurvivalWizard\Portfolio_DX11_SurvivalWizard\DX2D_2204\Framework\Collision\CircleCollider.cpp(41,89): warning C4267: '인수': 'size_t'에서 'UINT'(으)로 변환하면서 데이터가 손실될 수 있습니다.
  Collider.cpp
C:\Users\SBAuser\Desktop\Projects\SurvivalWizard\Portfolio_DX11_SurvivalWizard\DX2D_2204\Framework\Collision\Collider.cpp(34,29): warning C4267: '인수': 'size_t'에서 'UINT'(으)로 변환하면서 데이터가 손실될 수 있습니다.
  IsometricCollider.cpp
C:\Users\SBAuser\Desktop\Projects\SurvivalWizard\Portfolio_DX11_SurvivalWizard\DX2D_2204\Framework\Collision\IsometricCollider.cpp(47,89): warning C4267: '인수': 'size_t'에서 'UINT'(으)로 변환하면서 데이터가 손실될 수 있습니다.
C:\Program Files\Microsoft Visual Studio\2022\Community\VC\Tools\MSVC\14.34.31933\include\xmemory(680,68): warning C4244: '인수': '_Ty'에서 'float'(으)로 변환하면서 데이터가 손실될 수 있습니다.
          with
          [
              _Ty=int
          ]
C:\Program Files\Microsoft Visual Studio\2022\Community\VC\Tools\MSVC\14.34.31933\include\vector(852,1): message : 컴파일되는 함수 템플릿 인스턴스화 'void std::_Default_allocator_traits<_Alloc>::construct<_Ty,float,int>(_Alloc &,_Objty *const ,float &&,int &&)'에 대한 참조를 확인하세요.
          with
          [
              _Alloc=std::allocator<VertexPos>,
              _Ty=VertexPos,
              _Objty=VertexPos
          ]
C:\Program Files\Microsoft Visual Studio\2022\Community\VC\Tools\MSVC\14.34.31933\include\vector(863,36): message : 컴파일되는 함수 템플릿 인스턴스화 'void std::_Default_allocator_traits<_Alloc>::construct<_Ty,float,int>(_Alloc &,_Objty *const ,float &&,int &&)'에 대한 참조를 확인하세요.
          with
          [
              _Alloc=std::allocator<VertexPos>,
              _Ty=VertexPos,
              _Objty=VertexPos
          ]
C:\Program Files\Microsoft Visual Studio\2022\Community\VC\Tools\MSVC\14.34.31933\include\vector(839,1): message : 컴파일되는 함수 템플릿 인스턴스화 '_Ty &std::vector<_Ty,std::allocator<_Ty>>::_Emplace_back_with_unused_capacity<float,int>(float &&,int &&)'에 대한 참조를 확인하세요.
          with
          [
              _Ty=VertexPos
          ]
C:\Program Files\Microsoft Visual Studio\2022\Community\VC\Tools\MSVC\14.34.31933\include\vector(845,13): message : 컴파일되는 함수 템플릿 인스턴스화 '_Ty &std::vector<_Ty,std::allocator<_Ty>>::_Emplace_back_with_unused_capacity<float,int>(float &&,int &&)'에 대한 참조를 확인하세요.
          with
          [
              _Ty=VertexPos
          ]
C:\Program Files\Microsoft Visual Studio\2022\Community\VC\Tools\MSVC\14.34.31933\include\vector(925,1): message : 컴파일되는 함수 템플릿 인스턴스화 '_Ty &std::vector<_Ty,std::allocator<_Ty>>::_Emplace_one_at_back<float,int>(float &&,int &&)'에 대한 참조를 확인하세요.
          with
          [
              _Ty=VertexPos
          ]
C:\Program Files\Microsoft Visual Studio\2022\Community\VC\Tools\MSVC\14.34.31933\include\vector(927,14): message : 컴파일되는 함수 템플릿 인스턴스화 '_Ty &std::vector<_Ty,std::allocator<_Ty>>::_Emplace_one_at_back<float,int>(float &&,int &&)'에 대한 참조를 확인하세요.
          with
          [
              _Ty=VertexPos
          ]
C:\Users\SBAuser\Desktop\Projects\SurvivalWizard\Portfolio_DX11_SurvivalWizard\DX2D_2204\Framework\Collision\IsometricCollider.cpp(41,37): message : 컴파일되는 함수 템플릿 인스턴스화 'void std::vector<VertexPos,std::allocator<VertexPos>>::emplace_back<float,int>(float &&,int &&)'에 대한 참조를 확인하세요.
  LineCollider.cpp
C:\Users\SBAuser\Desktop\Projects\SurvivalWizard\Portfolio_DX11_SurvivalWizard\DX2D_2204\Framework\Collision\LineCollider.cpp(34,44): warning C4267: '인수': 'size_t'에서 'UINT'(으)로 변환하면서 데이터가 손실될 수 있습니다.
  RectCollider.cpp
C:\Users\SBAuser\Desktop\Projects\SurvivalWizard\Portfolio_DX11_SurvivalWizard\DX2D_2204\Framework\Collision\RectCollider.cpp(84,89): warning C4267: '인수': 'size_t'에서 'UINT'(으)로 변환하면서 데이터가 손실될 수 있습니다.
  Camera.cpp
  Environment.cpp
C:\Users\SBAuser\Desktop\Projects\SurvivalWizard\Portfolio_DX11_SurvivalWizard\DX2D_2204\Framework\Environment\Environment.cpp(43,19): warning C4244: '=': 'UINT'에서 'FLOAT'(으)로 변환하면서 데이터가 손실될 수 있습니다.
C:\Users\SBAuser\Desktop\Projects\SurvivalWizard\Portfolio_DX11_SurvivalWizard\DX2D_2204\Framework\Environment\Environment.cpp(44,20): warning C4244: '=': 'UINT'에서 'FLOAT'(으)로 변환하면서 데이터가 손실될 수 있습니다.
C:\Users\SBAuser\Desktop\Projects\SurvivalWizard\Portfolio_DX11_SurvivalWizard\DX2D_2204\Framework\Environment\Environment.cpp(56,22): warning C4244: '인수': 'UINT'에서 'float'(으)로 변환하면서 데이터가 손실될 수 있습니다.
C:\Users\SBAuser\Desktop\Projects\SurvivalWizard\Portfolio_DX11_SurvivalWizard\DX2D_2204\Framework\Environment\Environment.cpp(56,9): warning C4244: '인수': 'UINT'에서 'float'(으)로 변환하면서 데이터가 손실될 수 있습니다.
  Math.cpp
  Transform.cpp
  Clip.cpp
  Frame.cpp
C:\Users\SBAuser\Desktop\Projects\SurvivalWizard\Portfolio_DX11_SurvivalWizard\DX2D_2204\Framework\Render\Frame.cpp(21,83): warning C4267: '인수': 'size_t'에서 'UINT'(으)로 변환하면서 데이터가 손실될 수 있습니다.
C:\Users\SBAuser\Desktop\Projects\SurvivalWizard\Portfolio_DX11_SurvivalWizard\DX2D_2204\Framework\Render\Frame.cpp(22,63): warning C4267: '인수': 'size_t'에서 'UINT'(으)로 변환하면서 데이터가 손실될 수 있습니다.
C:\Users\SBAuser\Desktop\Projects\SurvivalWizard\Portfolio_DX11_SurvivalWizard\DX2D_2204\Framework\Render\Frame.cpp(49,83): warning C4267: '인수': 'size_t'에서 'UINT'(으)로 변환하면서 데이터가 손실될 수 있습니다.
C:\Users\SBAuser\Desktop\Projects\SurvivalWizard\Portfolio_DX11_SurvivalWizard\DX2D_2204\Framework\Render\Frame.cpp(50,63): warning C4267: '인수': 'size_t'에서 'UINT'(으)로 변환하면서 데이터가 손실될 수 있습니다.
C:\Users\SBAuser\Desktop\Projects\SurvivalWizard\Portfolio_DX11_SurvivalWizard\DX2D_2204\Framework\Render\Frame.cpp(66,38): warning C4267: '인수': 'size_t'에서 'UINT'(으)로 변환하면서 데이터가 손실될 수 있습니다.
  RenderTarget.cpp
  Texture.cpp
C:\Users\SBAuser\Desktop\Projects\SurvivalWizard\Portfolio_DX11_SurvivalWizard\DX2D_2204\Framework\Render\Texture.cpp(61,66): warning C4244: '인수': 'const size_t'에서 'float'(으)로 변환하면서 데이터가 손실될 수 있습니다.
C:\Users\SBAuser\Desktop\Projects\SurvivalWizard\Portfolio_DX11_SurvivalWizard\DX2D_2204\Framework\Render\Texture.cpp(61,39): warning C4244: '인수': 'const size_t'에서 'float'(으)로 변환하면서 데이터가 손실될 수 있습니다.
  PixelShader.cpp
  컴파일하고 있습니다...
  Shader.cpp
  VertexShader.cpp
C:\Users\SBAuser\Desktop\Projects\SurvivalWizard\Portfolio_DX11_SurvivalWizard\DX2D_2204\Framework\Shader\VertexShader.cpp(92,40): warning C4267: '초기화 중': 'size_t'에서 'int'(으)로 변환하면서 데이터가 손실될 수 있습니다.
C:\Users\SBAuser\Desktop\Projects\SurvivalWizard\Portfolio_DX11_SurvivalWizard\DX2D_2204\Framework\Shader\VertexShader.cpp(107,70): warning C4267: '인수': 'size_t'에서 'UINT'(으)로 변환하면서 데이터가 손실될 수 있습니다.
  Device.cpp
  Audio.cpp
  BinaryReader.cpp
  BinaryWriter.cpp
C:\Users\SBAuser\Desktop\Projects\SurvivalWizard\Portfolio_DX11_SurvivalWizard\DX2D_2204\Framework\Utility\BinaryWriter.cpp(39,21): warning C4267: '인수': 'size_t'에서 'UINT'(으)로 변환하면서 데이터가 손실될 수 있습니다.
C:\Users\SBAuser\Desktop\Projects\SurvivalWizard\Portfolio_DX11_SurvivalWizard\DX2D_2204\Framework\Utility\BinaryWriter.cpp(42,68): warning C4267: '인수': 'size_t'에서 'DWORD'(으)로 변환하면서 데이터가 손실될 수 있습니다.
C:\Users\SBAuser\Desktop\Projects\SurvivalWizard\Portfolio_DX11_SurvivalWizard\DX2D_2204\Framework\Utility\BinaryWriter.cpp(47,21): warning C4267: '인수': 'size_t'에서 'UINT'(으)로 변환하면서 데이터가 손실될 수 있습니다.
C:\Users\SBAuser\Desktop\Projects\SurvivalWizard\Portfolio_DX11_SurvivalWizard\DX2D_2204\Framework\Utility\BinaryWriter.cpp(50,69): warning C4267: '인수': 'size_t'에서 'DWORD'(으)로 변환하면서 데이터가 손실될 수 있습니다.
  DataManager.cpp
C:\Users\SBAuser\Desktop\Projects\SurvivalWizard\Portfolio_DX11_SurvivalWizard\DX2D_2204\Framework\Utility\DataManager.cpp(177,27): warning C4244: '=': 'int'에서 'float'(으)로 변환하면서 데이터가 손실될 수 있습니다.
C:\Users\SBAuser\Desktop\Projects\SurvivalWizard\Portfolio_DX11_SurvivalWizard\DX2D_2204\Framework\Utility\DataManager.cpp(178,27): warning C4244: '=': 'int'에서 'float'(으)로 변환하면서 데이터가 손실될 수 있습니다.
  Font.cpp
C:\Users\SBAuser\Desktop\Projects\SurvivalWizard\Portfolio_DX11_SurvivalWizard\DX2D_2204\Framework\Utility\Font.cpp(87,48): warning C4267: '인수': 'size_t'에서 'UINT32'(으)로 변환하면서 데이터가 손실될 수 있습니다.
C:\Users\SBAuser\Desktop\Projects\SurvivalWizard\Portfolio_DX11_SurvivalWizard\DX2D_2204\Framework\Utility\Font.cpp(113,48): warning C4267: '인수': 'size_t'에서 'UINT32'(으)로 변환하면서 데이터가 손실될 수 있습니다.
C:\Users\SBAuser\Desktop\Projects\SurvivalWizard\Portfolio_DX11_SurvivalWizard\DX2D_2204\Framework\Utility\Font.cpp(118,79): warning C4267: '인수': 'size_t'에서 'int'(으)로 변환하면서 데이터가 손실될 수 있습니다.
C:\Users\SBAuser\Desktop\Projects\SurvivalWizard\Portfolio_DX11_SurvivalWizard\DX2D_2204\Framework\Utility\Font.cpp(120,88): warning C4267: '인수': 'size_t'에서 'int'(으)로 변환하면서 데이터가 손실될 수 있습니다.
  Keyboard.cpp
  Timer.cpp
  Utility.cpp
C:\Program Files\Microsoft Visual Studio\2022\Community\VC\Tools\MSVC\14.34.31933\include\xstring(2857,53): warning C4244: '인수': 'wchar_t'에서 'const _Elem'(으)로 변환하면서 데이터가 손실될 수 있습니다.
          with
          [
              _Elem=char
          ]
C:\Program Files\Microsoft Visual Studio\2022\Community\VC\Tools\MSVC\14.34.31933\include\xstring(2718,1): message : 컴파일되는 함수 템플릿 인스턴스화 'void std::basic_string<char,std::char_traits<char>,std::allocator<char>>::_Construct_from_iter<wchar_t*,wchar_t*,_Size_type>(_Iter,const _Sent,_Size)'에 대한 참조를 확인하세요.
          with
          [
              _Size_type=unsigned __int64,
              _Iter=wchar_t *,
              _Sent=wchar_t *,
              _Size=unsigned __int64
          ]
C:\Program Files\Microsoft Visual Studio\2022\Community\VC\Tools\MSVC\14.34.31933\include\xstring(2718,37): message : 컴파일되는 함수 템플릿 인스턴스화 'void std::basic_string<char,std::char_traits<char>,std::allocator<char>>::_Construct_from_iter<wchar_t*,wchar_t*,_Size_type>(_Iter,const _Sent,_Size)'에 대한 참조를 확인하세요.
          with
          [
              _Size_type=unsigned __int64,
              _Iter=wchar_t *,
              _Sent=wchar_t *,
              _Size=unsigned __int64
          ]
C:\Program Files\Microsoft Visual Studio\2022\Community\VC\Tools\MSVC\14.34.31933\include\xstring(3577,1): message : 컴파일되는 함수 템플릿 인스턴스화 'std::basic_string<char,std::char_traits<char>,std::allocator<char>>::basic_string<wchar_t*,0>(_Iter,_Iter,const _Alloc &)'에 대한 참조를 확인하세요.
          with
          [
              _Iter=wchar_t *,
              _Alloc=std::allocator<char>
          ]
C:\Program Files\Microsoft Visual Studio\2022\Community\VC\Tools\MSVC\14.34.31933\include\xstring(3577,32): message : 컴파일되는 함수 템플릿 인스턴스화 'std::basic_string<char,std::char_traits<char>,std::allocator<char>>::basic_string<wchar_t*,0>(_Iter,_Iter,const _Alloc &)'에 대한 참조를 확인하세요.
          with
          [
              _Iter=wchar_t *,
              _Alloc=std::allocator<char>
          ]
C:\Users\SBAuser\Desktop\Projects\SurvivalWizard\Portfolio_DX11_SurvivalWizard\DX2D_2204\Framework\Utility\Utility.cpp(39,13): message : 컴파일되는 함수 템플릿 인스턴스화 'std::basic_string<char,std::char_traits<char>,std::allocator<char>> &std::basic_string<char,std::char_traits<char>,std::allocator<char>>::assign<std::_String_iterator<std::_String_val<std::_Simple_types<_Elem>>>,0>(const _Iter,const _Iter)'에 대한 참조를 확인하세요.
          with
          [
              _Elem=wchar_t,
              _Iter=std::_String_iterator<std::_String_val<std::_Simple_types<wchar_t>>>
          ]
C:\Users\SBAuser\Desktop\Projects\SurvivalWizard\Portfolio_DX11_SurvivalWizard\DX2D_2204\Framework\Utility\Utility.cpp(39,16): message : 컴파일되는 함수 템플릿 인스턴스화 'std::basic_string<char,std::char_traits<char>,std::allocator<char>> &std::basic_string<char,std::char_traits<char>,std::allocator<char>>::assign<std::_String_iterator<std::_String_val<std::_Simple_types<_Elem>>>,0>(const _Iter,const _Iter)'에 대한 참조를 확인하세요.
          with
          [
              _Elem=wchar_t,
              _Iter=std::_String_iterator<std::_String_val<std::_Simple_types<wchar_t>>>
          ]
  Xml.cpp
C:\Users\SBAuser\Desktop\Projects\SurvivalWizard\Portfolio_DX11_SurvivalWizard\DX2D_2204\Framework\Utility\Xml.cpp(2422,34): warning C4267: '인수': 'size_t'에서 'int'(으)로 변환하면서 데이터가 손실될 수 있습니다.
  ZOder.cpp
  GameManager.cpp
  AnimObject.cpp
  Button.cpp
  Effect.cpp
  EffectManager.cpp
  GameObject.cpp
  IButton.cpp
  컴파일하고 있습니다...
  ImageFont.cpp
C:\Users\SBAuser\Desktop\Projects\SurvivalWizard\Portfolio_DX11_SurvivalWizard\DX2D_2204\Objects\Basic\ImageFont.cpp(32,37): warning C4267: '초기화 중': 'size_t'에서 'int'(으)로 변환하면서 데이터가 손실될 수 있습니다.
C:\Users\SBAuser\Desktop\Projects\SurvivalWizard\Portfolio_DX11_SurvivalWizard\DX2D_2204\Objects\Basic\ImageFont.cpp(38,2): warning C4267: '초기화 중': 'size_t'에서 'UINT'(으)로 변환하면서 데이터가 손실될 수 있습니다.
  Isometric.cpp
C:\Users\SBAuser\Desktop\Projects\SurvivalWizard\Portfolio_DX11_SurvivalWizard\DX2D_2204\Objects\Basic\Isometric.cpp(73,38): warning C4267: '인수': 'size_t'에서 'UINT'(으)로 변환하면서 데이터가 손실될 수 있습니다.
C:\Users\SBAuser\Desktop\Projects\SurvivalWizard\Portfolio_DX11_SurvivalWizard\DX2D_2204\Objects\Basic\Isometric.cpp(86,83): warning C4267: '인수': 'size_t'에서 'UINT'(으)로 변환하면서 데이터가 손실될 수 있습니다.
C:\Users\SBAuser\Desktop\Projects\SurvivalWizard\Portfolio_DX11_SurvivalWizard\DX2D_2204\Objects\Basic\Isometric.cpp(87,63): warning C4267: '인수': 'size_t'에서 'UINT'(으)로 변환하면서 데이터가 손실될 수 있습니다.
C:\Program Files\Microsoft Visual Studio\2022\Community\VC\Tools\MSVC\14.34.31933\include\xmemory(680,68): warning C4244: '인수': '_Ty'에서 'float'(으)로 변환하면서 데이터가 손실될 수 있습니다.
          with
          [
              _Ty=int
          ]
C:\Program Files\Microsoft Visual Studio\2022\Community\VC\Tools\MSVC\14.34.31933\include\vector(852,1): message : 컴파일되는 함수 템플릿 인스턴스화 'void std::_Default_allocator_traits<_Alloc>::construct<_Ty,float&,float&,float,int>(_Alloc &,_Objty *const ,float &,float &,float &&,int &&)'에 대한 참조를 확인하세요.
          with
          [
              _Alloc=std::allocator<Vertex>,
              _Ty=Vertex,
              _Objty=Vertex
          ]
C:\Program Files\Microsoft Visual Studio\2022\Community\VC\Tools\MSVC\14.34.31933\include\vector(863,36): message : 컴파일되는 함수 템플릿 인스턴스화 'void std::_Default_allocator_traits<_Alloc>::construct<_Ty,float&,float&,float,int>(_Alloc &,_Objty *const ,float &,float &,float &&,int &&)'에 대한 참조를 확인하세요.
          with
          [
              _Alloc=std::allocator<Vertex>,
              _Ty=Vertex,
              _Objty=Vertex
          ]
C:\Program Files\Microsoft Visual Studio\2022\Community\VC\Tools\MSVC\14.34.31933\include\vector(839,1): message : 컴파일되는 함수 템플릿 인스턴스화 '_Ty &std::vector<_Ty,std::allocator<_Ty>>::_Emplace_back_with_unused_capacity<float&,float&,float,int>(float &,float &,float &&,int &&)'에 대한 참조를 확인하세요.
          with
          [
              _Ty=Vertex
          ]
C:\Program Files\Microsoft Visual Studio\2022\Community\VC\Tools\MSVC\14.34.31933\include\vector(845,13): message : 컴파일되는 함수 템플릿 인스턴스화 '_Ty &std::vector<_Ty,std::allocator<_Ty>>::_Emplace_back_with_unused_capacity<float&,float&,float,int>(float &,float &,float &&,int &&)'에 대한 참조를 확인하세요.
          with
          [
              _Ty=Vertex
          ]
C:\Program Files\Microsoft Visual Studio\2022\Community\VC\Tools\MSVC\14.34.31933\include\vector(925,1): message : 컴파일되는 함수 템플릿 인스턴스화 '_Ty &std::vector<_Ty,std::allocator<_Ty>>::_Emplace_one_at_back<float&,float&,float,int>(float &,float &,float &&,int &&)'에 대한 참조를 확인하세요.
          with
          [
              _Ty=Vertex
          ]
C:\Program Files\Microsoft Visual Studio\2022\Community\VC\Tools\MSVC\14.34.31933\include\vector(927,14): message : 컴파일되는 함수 템플릿 인스턴스화 '_Ty &std::vector<_Ty,std::allocator<_Ty>>::_Emplace_one_at_back<float&,float&,float,int>(float &,float &,float &&,int &&)'에 대한 참조를 확인하세요.
          with
          [
              _Ty=Vertex
          ]
C:\Users\SBAuser\Desktop\Projects\SurvivalWizard\Portfolio_DX11_SurvivalWizard\DX2D_2204\Objects\Basic\Isometric.cpp(37,43): message : 컴파일되는 함수 템플릿 인스턴스화 'void std::vector<Vertex,std::allocator<Vertex>>::emplace_back<float&,float&,float,int>(float &,float &,float &&,int &&)'에 대한 참조를 확인하세요.
  ProgressBar.cpp
  Quad.cpp
C:\Users\SBAuser\Desktop\Projects\SurvivalWizard\Portfolio_DX11_SurvivalWizard\DX2D_2204\Objects\Basic\Quad.cpp(66,38): warning C4267: '인수': 'size_t'에서 'UINT'(으)로 변환하면서 데이터가 손실될 수 있습니다.
C:\Users\SBAuser\Desktop\Projects\SurvivalWizard\Portfolio_DX11_SurvivalWizard\DX2D_2204\Objects\Basic\Quad.cpp(98,83): warning C4267: '인수': 'size_t'에서 'UINT'(으)로 변환하면서 데이터가 손실될 수 있습니다.
C:\Users\SBAuser\Desktop\Projects\SurvivalWizard\Portfolio_DX11_SurvivalWizard\DX2D_2204\Objects\Basic\Quad.cpp(99,63): warning C4267: '인수': 'size_t'에서 'UINT'(으)로 변환하면서 데이터가 손실될 수 있습니다.
C:\Program Files\Microsoft Visual Studio\2022\Community\VC\Tools\MSVC\14.34.31933\include\xmemory(680,68): warning C4244: '인수': '_Ty'에서 'float'(으)로 변환하면서 데이터가 손실될 수 있습니다.
          with
          [
              _Ty=int
          ]
C:\Program Files\Microsoft Visual Studio\2022\Community\VC\Tools\MSVC\14.34.31933\include\vector(852,1): message : 컴파일되는 함수 템플릿 인스턴스화 'void std::_Default_allocator_traits<_Alloc>::construct<_Ty,float&,float&,int,int>(_Alloc &,_Objty *const ,float &,float &,int &&,int &&)'에 대한 참조를 확인하세요.
          with
          [
              _Alloc=std::allocator<Vertex>,
              _Ty=Vertex,
              _Objty=Vertex
          ]
C:\Program Files\Microsoft Visual Studio\2022\Community\VC\Tools\MSVC\14.34.31933\include\vector(863,36): message : 컴파일되는 함수 템플릿 인스턴스화 'void std::_Default_allocator_traits<_Alloc>::construct<_Ty,float&,float&,int,int>(_Alloc &,_Objty *const ,float &,float &,int &&,int &&)'에 대한 참조를 확인하세요.
          with
          [
              _Alloc=std::allocator<Vertex>,
              _Ty=Vertex,
              _Objty=Vertex
          ]
C:\Program Files\Microsoft Visual Studio\2022\Community\VC\Tools\MSVC\14.34.31933\include\vector(839,1): message : 컴파일되는 함수 템플릿 인스턴스화 '_Ty &std::vector<_Ty,std::allocator<_Ty>>::_Emplace_back_with_unused_capacity<float&,float&,int,int>(float &,float &,int &&,int &&)'에 대한 참조를 확인하세요.
          with
          [
              _Ty=Vertex
          ]
C:\Program Files\Microsoft Visual Studio\2022\Community\VC\Tools\MSVC\14.34.31933\include\vector(845,13): message : 컴파일되는 함수 템플릿 인스턴스화 '_Ty &std::vector<_Ty,std::allocator<_Ty>>::_Emplace_back_with_unused_capacity<float&,float&,int,int>(float &,float &,int &&,int &&)'에 대한 참조를 확인하세요.
          with
          [
              _Ty=Vertex
          ]
C:\Program Files\Microsoft Visual Studio\2022\Community\VC\Tools\MSVC\14.34.31933\include\vector(925,1): message : 컴파일되는 함수 템플릿 인스턴스화 '_Ty &std::vector<_Ty,std::allocator<_Ty>>::_Emplace_one_at_back<float&,float&,int,int>(float &,float &,int &&,int &&)'에 대한 참조를 확인하세요.
          with
          [
              _Ty=Vertex
          ]
C:\Program Files\Microsoft Visual Studio\2022\Community\VC\Tools\MSVC\14.34.31933\include\vector(927,14): message : 컴파일되는 함수 템플릿 인스턴스화 '_Ty &std::vector<_Ty,std::allocator<_Ty>>::_Emplace_one_at_back<float&,float&,int,int>(float &,float &,int &&,int &&)'에 대한 참조를 확인하세요.
          with
          [
              _Ty=Vertex
          ]
C:\Users\SBAuser\Desktop\Projects\SurvivalWizard\Portfolio_DX11_SurvivalWizard\DX2D_2204\Objects\Basic\Quad.cpp(32,39): message : 컴파일되는 함수 템플릿 인스턴스화 'void std::vector<Vertex,std::allocator<Vertex>>::emplace_back<float&,float&,int,int>(float &,float &,int &&,int &&)'에 대한 참조를 확인하세요.
  UpDownButton.cpp
  PressEnter.cpp
  TitleMenu.cpp
  MainGameScene.cpp
  SceneManager.cpp
  TitleScene.cpp
ImGui.lib(imgui_impl_win32.obj) : warning LNK4075: '/EDITANDCONTINUE'이(가) '/OPT:ICF' 사양으로 인해 무시됩니다.
     C:\Users\SBAuser\Desktop\Projects\SurvivalWizard\Portfolio_DX11_SurvivalWizard\x64\Release\DX2D_2204.lib 라이브러리 및 C:\Users\SBAuser\Desktop\Projects\SurvivalWizard\Portfolio_DX11_SurvivalWizard\x64\Release\DX2D_2204.exp 개체를 생성하고 있습니다.
  코드를 생성하고 있습니다.
  19 of 3510 functions ( 0.5%) were compiled, the rest were copied from previous compilation.
    0 functions were new in current compilation
    29 functions had inline decision re-evaluated but remain unchanged
  코드를 생성했습니다.
ImGui.lib(imgui_impl_win32.obj) : warning LNK4099: '' PDB를 'ImGui.lib(imgui_impl_win32.obj)' 또는 ''에서 찾을 수 없습니다. 디버그 정보가 없는 것처럼 개체를 링크합니다.
ImGui.lib(imgui_widgets.obj) : warning LNK4099: '' PDB를 'ImGui.lib(imgui_widgets.obj)' 또는 ''에서 찾을 수 없습니다. 디버그 정보가 없는 것처럼 개체를 링크합니다.
ImGui.lib(imgui_impl_dx11.obj) : warning LNK4099: '' PDB를 'ImGui.lib(imgui_impl_dx11.obj)' 또는 ''에서 찾을 수 없습니다. 디버그 정보가 없는 것처럼 개체를 링크합니다.
ImGui.lib(imgui_draw.obj) : warning LNK4099: '' PDB를 'ImGui.lib(imgui_draw.obj)' 또는 ''에서 찾을 수 없습니다. 디버그 정보가 없는 것처럼 개체를 링크합니다.
ImGui.lib(ImGui.obj) : warning LNK4099: '' PDB를 'ImGui.lib(ImGui.obj)' 또는 ''에서 찾을 수 없습니다. 디버그 정보가 없는 것처럼 개체를 링크합니다.
ImGui.lib(imgui_tables.obj) : warning LNK4099: '' PDB를 'ImGui.lib(imgui_tables.obj)' 또는 ''에서 찾을 수 없습니다. 디버그 정보가 없는 것처럼 개체를 링크합니다.
DirectXTex.lib(DirectXTexD3D11.obj) : warning LNK4099: '' PDB를 'DirectXTex.lib(DirectXTexD3D11.obj)' 또는 ''에서 찾을 수 없습니다. 디버그 정보가 없는 것처럼 개체를 링크합니다.
DirectXTex.lib(DirectXTexWIC.obj) : warning LNK4099: '' PDB를 'DirectXTex.lib(DirectXTexWIC.obj)' 또는 ''에서 찾을 수 없습니다. 디버그 정보가 없는 것처럼 개체를 링크합니다.
DirectXTex.lib(DirectXTexImage.obj) : warning LNK4099: '' PDB를 'DirectXTex.lib(DirectXTexImage.obj)' 또는 ''에서 찾을 수 없습니다. 디버그 정보가 없는 것처럼 개체를 링크합니다.
DirectXTex.lib(DirectXTexUtil.obj) : warning LNK4099: '' PDB를 'DirectXTex.lib(DirectXTexUtil.obj)' 또는 ''에서 찾을 수 없습니다. 디버그 정보가 없는 것처럼 개체를 링크합니다.
DirectXTex.lib(DirectXTexConvert.obj) : warning LNK4099: '' PDB를 'DirectXTex.lib(DirectXTexConvert.obj)' 또는 ''에서 찾을 수 없습니다. 디버그 정보가 없는 것처럼 개체를 링크합니다.
DirectXTex.lib(DirectXTexCompress.obj) : warning LNK4099: '' PDB를 'DirectXTex.lib(DirectXTexCompress.obj)' 또는 ''에서 찾을 수 없습니다. 디버그 정보가 없는 것처럼 개체를 링크합니다.
DirectXTex.lib(DirectXTexMipMaps.obj) : warning LNK4099: '' PDB를 'DirectXTex.lib(DirectXTexMipMaps.obj)' 또는 ''에서 찾을 수 없습니다. 디버그 정보가 없는 것처럼 개체를 링크합니다.
DirectXTex.lib(BC.obj) : warning LNK4099: '' PDB를 'DirectXTex.lib(BC.obj)' 또는 ''에서 찾을 수 없습니다. 디버그 정보가 없는 것처럼 개체를 링크합니다.
DirectXTex.lib(BC4BC5.obj) : warning LNK4099: '' PDB를 'DirectXTex.lib(BC4BC5.obj)' 또는 ''에서 찾을 수 없습니다. 디버그 정보가 없는 것처럼 개체를 링크합니다.
DirectXTex.lib(BC6HBC7.obj) : warning LNK4099: '' PDB를 'DirectXTex.lib(BC6HBC7.obj)' 또는 ''에서 찾을 수 없습니다. 디버그 정보가 없는 것처럼 개체를 링크합니다.
  DX2D_2204.vcxproj -> C:\Users\SBAuser\Desktop\Projects\SurvivalWizard\Portfolio_DX11_SurvivalWizard\x64\Release\DX2D_2204.exe
