c:\users\sbauser\desktop\projects\survivalwizard\portfolio_dx11_survivalwizard\dx2d_2204\x64\release\vc143.pdb
c:\users\sbauser\desktop\projects\survivalwizard\portfolio_dx11_survivalwizard\dx2d_2204\x64\release\pixelshader.obj
c:\users\sbauser\desktop\projects\survivalwizard\portfolio_dx11_survivalwizard\dx2d_2204\x64\release\texture.obj
c:\users\sbauser\desktop\projects\survivalwizard\portfolio_dx11_survivalwizard\dx2d_2204\x64\release\rendertarget.obj
c:\users\sbauser\desktop\projects\survivalwizard\portfolio_dx11_survivalwizard\dx2d_2204\x64\release\frame.obj
c:\users\sbauser\desktop\projects\survivalwizard\portfolio_dx11_survivalwizard\dx2d_2204\x64\release\clip.obj
c:\users\sbauser\desktop\projects\survivalwizard\portfolio_dx11_survivalwizard\dx2d_2204\x64\release\transform.obj
c:\users\sbauser\desktop\projects\survivalwizard\portfolio_dx11_survivalwizard\dx2d_2204\x64\release\math.obj
c:\users\sbauser\desktop\projects\survivalwizard\portfolio_dx11_survivalwizard\dx2d_2204\x64\release\environment.obj
c:\users\sbauser\desktop\projects\survivalwizard\portfolio_dx11_survivalwizard\dx2d_2204\x64\release\camera.obj
c:\users\sbauser\desktop\projects\survivalwizard\portfolio_dx11_survivalwizard\dx2d_2204\x64\release\rectcollider.obj
c:\users\sbauser\desktop\projects\survivalwizard\portfolio_dx11_survivalwizard\dx2d_2204\x64\release\linecollider.obj
c:\users\sbauser\desktop\projects\survivalwizard\portfolio_dx11_survivalwizard\dx2d_2204\x64\release\isometriccollider.obj
c:\users\sbauser\desktop\projects\survivalwizard\portfolio_dx11_survivalwizard\dx2d_2204\x64\release\collider.obj
c:\users\sbauser\desktop\projects\survivalwizard\portfolio_dx11_survivalwizard\dx2d_2204\x64\release\circlecollider.obj
c:\users\sbauser\desktop\projects\survivalwizard\portfolio_dx11_survivalwizard\dx2d_2204\x64\release\vertexbuffer.obj
c:\users\sbauser\desktop\projects\survivalwizard\portfolio_dx11_survivalwizard\dx2d_2204\x64\release\indexbuffer.obj
c:\users\sbauser\desktop\projects\survivalwizard\portfolio_dx11_survivalwizard\dx2d_2204\x64\release\constbuffer.obj
c:\users\sbauser\desktop\projects\survivalwizard\portfolio_dx11_survivalwizard\dx2d_2204\x64\release\dx2d_2204.obj
c:\users\sbauser\desktop\projects\survivalwizard\portfolio_dx11_survivalwizard\dx2d_2204\x64\release\node.obj
c:\users\sbauser\desktop\projects\survivalwizard\portfolio_dx11_survivalwizard\dx2d_2204\x64\release\heap.obj
c:\users\sbauser\desktop\projects\survivalwizard\portfolio_dx11_survivalwizard\dx2d_2204\x64\release\ibutton.obj
c:\users\sbauser\desktop\projects\survivalwizard\portfolio_dx11_survivalwizard\dx2d_2204\x64\release\effectmanager.obj
c:\users\sbauser\desktop\projects\survivalwizard\portfolio_dx11_survivalwizard\dx2d_2204\x64\release\effect.obj
c:\users\sbauser\desktop\projects\survivalwizard\portfolio_dx11_survivalwizard\dx2d_2204\x64\release\button.obj
c:\users\sbauser\desktop\projects\survivalwizard\portfolio_dx11_survivalwizard\dx2d_2204\x64\release\animobject.obj
c:\users\sbauser\desktop\projects\survivalwizard\portfolio_dx11_survivalwizard\dx2d_2204\x64\release\imguifiledialog.obj
c:\users\sbauser\desktop\projects\survivalwizard\portfolio_dx11_survivalwizard\dx2d_2204\x64\release\gamemanager.obj
c:\users\sbauser\desktop\projects\survivalwizard\portfolio_dx11_survivalwizard\dx2d_2204\x64\release\zoder.obj
c:\users\sbauser\desktop\projects\survivalwizard\portfolio_dx11_survivalwizard\dx2d_2204\x64\release\xml.obj
c:\users\sbauser\desktop\projects\survivalwizard\portfolio_dx11_survivalwizard\dx2d_2204\x64\release\utility.obj
c:\users\sbauser\desktop\projects\survivalwizard\portfolio_dx11_survivalwizard\dx2d_2204\x64\release\timer.obj
c:\users\sbauser\desktop\projects\survivalwizard\portfolio_dx11_survivalwizard\dx2d_2204\x64\release\keyboard.obj
c:\users\sbauser\desktop\projects\survivalwizard\portfolio_dx11_survivalwizard\dx2d_2204\x64\release\font.obj
c:\users\sbauser\desktop\projects\survivalwizard\portfolio_dx11_survivalwizard\dx2d_2204\x64\release\datamanager.obj
c:\users\sbauser\desktop\projects\survivalwizard\portfolio_dx11_survivalwizard\dx2d_2204\x64\release\binarywriter.obj
c:\users\sbauser\desktop\projects\survivalwizard\portfolio_dx11_survivalwizard\dx2d_2204\x64\release\binaryreader.obj
c:\users\sbauser\desktop\projects\survivalwizard\portfolio_dx11_survivalwizard\dx2d_2204\x64\release\audio.obj
c:\users\sbauser\desktop\projects\survivalwizard\portfolio_dx11_survivalwizard\dx2d_2204\x64\release\device.obj
c:\users\sbauser\desktop\projects\survivalwizard\portfolio_dx11_survivalwizard\dx2d_2204\x64\release\vertexshader.obj
c:\users\sbauser\desktop\projects\survivalwizard\portfolio_dx11_survivalwizard\dx2d_2204\x64\release\shader.obj
c:\users\sbauser\desktop\projects\survivalwizard\portfolio_dx11_survivalwizard\dx2d_2204\x64\release\titlescene.obj
c:\users\sbauser\desktop\projects\survivalwizard\portfolio_dx11_survivalwizard\dx2d_2204\x64\release\scenemanager.obj
c:\users\sbauser\desktop\projects\survivalwizard\portfolio_dx11_survivalwizard\dx2d_2204\x64\release\maingamescene.obj
c:\users\sbauser\desktop\projects\survivalwizard\portfolio_dx11_survivalwizard\dx2d_2204\x64\release\titlemenu.obj
c:\users\sbauser\desktop\projects\survivalwizard\portfolio_dx11_survivalwizard\dx2d_2204\x64\release\pressenter.obj
c:\users\sbauser\desktop\projects\survivalwizard\portfolio_dx11_survivalwizard\dx2d_2204\x64\release\updownbutton.obj
c:\users\sbauser\desktop\projects\survivalwizard\portfolio_dx11_survivalwizard\dx2d_2204\x64\release\gameobject.obj
c:\users\sbauser\desktop\projects\survivalwizard\portfolio_dx11_survivalwizard\dx2d_2204\x64\release\quad.obj
c:\users\sbauser\desktop\projects\survivalwizard\portfolio_dx11_survivalwizard\dx2d_2204\x64\release\progressbar.obj
c:\users\sbauser\desktop\projects\survivalwizard\portfolio_dx11_survivalwizard\dx2d_2204\x64\release\isometric.obj
c:\users\sbauser\desktop\projects\survivalwizard\portfolio_dx11_survivalwizard\dx2d_2204\x64\release\imagefont.obj
c:\users\sbauser\desktop\projects\survivalwizard\portfolio_dx11_survivalwizard\dx2d_2204\x64\release\dx2d_2204.pch
c:\users\sbauser\desktop\projects\survivalwizard\portfolio_dx11_survivalwizard\dx2d_2204\x64\release\framework.obj
c:\users\sbauser\desktop\projects\survivalwizard\portfolio_dx11_survivalwizard\x64\release\pixeleffect.cso
c:\users\sbauser\desktop\projects\survivalwizard\portfolio_dx11_survivalwizard\x64\release\pixeleffectremovewhite.cso
c:\users\sbauser\desktop\projects\survivalwizard\portfolio_dx11_survivalwizard\x64\release\pixelhorizentalbar.cso
c:\users\sbauser\desktop\projects\survivalwizard\portfolio_dx11_survivalwizard\x64\release\pixelinstancing.cso
c:\users\sbauser\desktop\projects\survivalwizard\portfolio_dx11_survivalwizard\x64\release\pixelmulti.cso
c:\users\sbauser\desktop\projects\survivalwizard\portfolio_dx11_survivalwizard\x64\release\pixelcollider.cso
c:\users\sbauser\desktop\projects\survivalwizard\portfolio_dx11_survivalwizard\x64\release\pixelcolor.cso
c:\users\sbauser\desktop\projects\survivalwizard\portfolio_dx11_survivalwizard\x64\release\pixelfilter.cso
c:\users\sbauser\desktop\projects\survivalwizard\portfolio_dx11_survivalwizard\x64\release\pixelgrayscale.cso
c:\users\sbauser\desktop\projects\survivalwizard\portfolio_dx11_survivalwizard\x64\release\pixeloutline.cso
c:\users\sbauser\desktop\projects\survivalwizard\portfolio_dx11_survivalwizard\x64\release\pixelprogressbar.cso
c:\users\sbauser\desktop\projects\survivalwizard\portfolio_dx11_survivalwizard\x64\release\pixeluv.cso
c:\users\sbauser\desktop\projects\survivalwizard\portfolio_dx11_survivalwizard\x64\release\pixelverticalbar.cso
c:\users\sbauser\desktop\projects\survivalwizard\portfolio_dx11_survivalwizard\x64\release\tutorial.cso
c:\users\sbauser\desktop\projects\survivalwizard\portfolio_dx11_survivalwizard\x64\release\vertexcollider.cso
c:\users\sbauser\desktop\projects\survivalwizard\portfolio_dx11_survivalwizard\x64\release\vertexcolor.cso
c:\users\sbauser\desktop\projects\survivalwizard\portfolio_dx11_survivalwizard\x64\release\vertexinstancing.cso
c:\users\sbauser\desktop\projects\survivalwizard\portfolio_dx11_survivalwizard\x64\release\vertexuv.cso
c:\users\sbauser\desktop\projects\survivalwizard\portfolio_dx11_survivalwizard\x64\release\dx2d_2204.lib
c:\users\sbauser\desktop\projects\survivalwizard\portfolio_dx11_survivalwizard\x64\release\dx2d_2204.exp
c:\users\sbauser\desktop\projects\survivalwizard\portfolio_dx11_survivalwizard\x64\release\dx2d_2204.exe
c:\users\sbauser\desktop\projects\survivalwizard\portfolio_dx11_survivalwizard\dx2d_2204\x64\release\dx2d_2204.ipdb
c:\users\sbauser\desktop\projects\survivalwizard\portfolio_dx11_survivalwizard\x64\release\dx2d_2204.pdb
c:\users\sbauser\desktop\projects\survivalwizard\portfolio_dx11_survivalwizard\dx2d_2204\x64\release\dx2d_2204.iobj
c:\users\sbauser\desktop\projects\survivalwizard\portfolio_dx11_survivalwizard\dx2d_2204\x64\release\dx2d_2204.res
c:\users\sbauser\desktop\projects\survivalwizard\portfolio_dx11_survivalwizard\dx2d_2204\x64\release\dx2d_2204.tlog\cl.command.1.tlog
c:\users\sbauser\desktop\projects\survivalwizard\portfolio_dx11_survivalwizard\dx2d_2204\x64\release\dx2d_2204.tlog\cl.read.1.tlog
c:\users\sbauser\desktop\projects\survivalwizard\portfolio_dx11_survivalwizard\dx2d_2204\x64\release\dx2d_2204.tlog\cl.write.1.tlog
c:\users\sbauser\desktop\projects\survivalwizard\portfolio_dx11_survivalwizard\dx2d_2204\x64\release\dx2d_2204.tlog\fxc.command.1.tlog
c:\users\sbauser\desktop\projects\survivalwizard\portfolio_dx11_survivalwizard\dx2d_2204\x64\release\dx2d_2204.tlog\fxc.read.1.tlog
c:\users\sbauser\desktop\projects\survivalwizard\portfolio_dx11_survivalwizard\dx2d_2204\x64\release\dx2d_2204.tlog\fxc.write.1.tlog
c:\users\sbauser\desktop\projects\survivalwizard\portfolio_dx11_survivalwizard\dx2d_2204\x64\release\dx2d_2204.tlog\link.command.1.tlog
c:\users\sbauser\desktop\projects\survivalwizard\portfolio_dx11_survivalwizard\dx2d_2204\x64\release\dx2d_2204.tlog\link.read.1.tlog
c:\users\sbauser\desktop\projects\survivalwizard\portfolio_dx11_survivalwizard\dx2d_2204\x64\release\dx2d_2204.tlog\link.write.1.tlog
c:\users\sbauser\desktop\projects\survivalwizard\portfolio_dx11_survivalwizard\dx2d_2204\x64\release\dx2d_2204.tlog\link.write.2u.tlog
c:\users\sbauser\desktop\projects\survivalwizard\portfolio_dx11_survivalwizard\dx2d_2204\x64\release\dx2d_2204.tlog\rc.command.1.tlog
c:\users\sbauser\desktop\projects\survivalwizard\portfolio_dx11_survivalwizard\dx2d_2204\x64\release\dx2d_2204.tlog\rc.read.1.tlog
c:\users\sbauser\desktop\projects\survivalwizard\portfolio_dx11_survivalwizard\dx2d_2204\x64\release\dx2d_2204.tlog\rc.write.1.tlog
